<?xml version="1.0" encoding="UTF-8"?>
<!-- Generated by org.testng.reporters.JUnitXMLReporter -->
<testsuite hostname="Nagendras-MBP.lan" ignored="0" name="Create" tests="4" failures="0" timestamp="10 Jun 2020 11:46:43 GMT" time="35.66" errors="0">
  <testcase name="CreateRecordMethod" time="13.722" classname="com.hotelreservation.testCases.TC_CreateRecord_001"/>
  <testcase name="checkInDate" time="10.145" classname="com.hotelreservation.testCases.TC_CreateRecord_001"/>
  <testcase name="checkOutDate" time="10.113" classname="com.hotelreservation.testCases.TC_CreateRecord_001"/>
  <testcase name="saveRecord" time="0.056" classname="com.hotelreservation.testCases.TC_CreateRecord_001"/>
</testsuite> <!-- Create -->
